0.312243 0.58034 0 0
1.17209 0.481276 7.81698 -0.900606
1.65735 0.619509 4.98014 1.28415
2.18294 0.666197 5.14372 0.799209
2.66794 0.690149 5.01527 0.554423
3.07379 0.679549 4.6705 0.316421
3.73391 0.492624 5.29505 -0.390612
4.28676 0.517102 5.36721 -0.194219
4.59415 0.692734 4.66472 0.403265
5.27806 0.692816 5.33448 0.2793
5.91035 0.715051 5.64123 0.261628
6.41271 0.838374 5.44862 0.56461
6.87554 0.810289 5.19228 0.300424
7.2744 0.894987 4.81602 0.471277
7.77907 0.837848 4.88811 0.145419
8.25857 0.846748 4.85902 0.127792
8.74525 0.9479 4.86147 0.403836
9.2428 1.01672 4.89707 0.492663
9.88014 1.24358 5.35818 1.04735
10.338 1.40007 5.1148 1.20901
10.7942 1.48905 4.94219 1.10928
11.428 1.60682 5.37789 1.13066
11.8784 1.73205 5.10496 1.16865
12.3579 1.81836 5.00821 1.07321
12.7343 2.04224 4.61949 1.43728
13.1454 2.2893 4.46073 1.76004
13.7057 2.53984 4.81765 1.99285
14.1983 2.83396 4.85131 2.28906
14.5797 2.99018 4.52757 2.06205
15.0295 3.34141 4.51819 2.51501
15.5011 3.70341 4.57983 2.86016
15.9676 3.99481 4.60669 2.87697
16.383 4.35844 4.46504 3.11415
16.7241 4.67153 4.13581 3.11938
17.0712 5.0898 3.92827 3.4515
17.3824 5.43517 3.67341 3.45219
17.7664 5.70766 3.72526 3.22502
18.133 6.09544 3.70687 3.42892
18.3694 6.54257 3.28756 3.7545
18.6253 6.84423 3.05981 3.52404
19.0307 7.19047 3.37051 3.50478
19.2023 7.69416 2.85372 3.98334
19.3215 8.1093 2.33453 4.03582
19.4578 8.41686 2.03101 3.7359
19.8212 8.83725 2.5317 3.88209
20.1131 9.33483 2.65292 4.22369
20.2751 9.82803 2.33014 4.44493
20.3482 10.3642 1.83078 4.73132
20.4564 10.9184 1.59684 4.9846
20.4761 11.3849 1.1594 4.88454
20.6023 11.9055 1.19165 4.98502
20.5368 12.4473 0.614777 5.12026
20.5514 12.928 0.468455 5.02255
20.4095 13.3081 -0.121218 4.64086
20.3633 13.8271 -0.227531 4.81232
20.2382 14.3217 -0.547222 4.85429
19.9954 14.7912 -1.13479 4.80437
19.9468 15.2406 -0.932005 4.70758
19.8814 15.6379 -0.845211 4.47791
19.6464 16.0502 -1.31531 4.36723
19.3855 16.3864 -1.7194 4.05328
19.1151 16.8137 -2.02682 4.12188
18.7733 17.2994 -2.46132 4.35142
18.3286 17.6497 -3.0816 4.08636
18.1087 18.0526 -2.80583 4.06852
17.8626 18.3467 -2.69842 3.71647
17.4954 18.7116 -3.00234 3.69535
17.1863 18.9901 -3.03003 3.41098
16.7385 19.2007 -3.48238 3.00337
16.3171 19.5553 -3.7107 3.1727
15.9359 19.8715 -3.74254 3.16943
15.5016 20.1862 -3.93002 3.16239
15.1521 20.4726 -3.79422 3.06915
14.723 20.6997 -3.94919 2.82003
14.1991 20.7998 -4.35212 2.2517
13.6259 20.8849 -4.78311 1.81437
13.1287 20.9556 -4.84206 1.46849
12.7513 21.0822 -4.50871 1.40528
12.2564 21.1701 -4.6462 1.24068
11.7402 21.0936 -4.80724 0.614444
11.3078 21.1148 -4.65613 0.488569
10.8647 21.053 -4.58602 0.143075
10.3046 21.1335 -4.90293 0.3498
9.89939 21.0803 -4.63725 0.0741656
9.48405 20.9888 -4.48611 -0.234517
8.88023 20.8984 -4.97091 -0.443708
8.30819 20.6811 -5.205 -0.984039
7.83363 20.5207 -5.06152 -1.17769
7.25869 20.3978 -5.27636 -1.19361
6.77048 20.2352 -5.15321 -1.32866
6.31777 20.0609 -4.95764 -1.4581
5.84032 19.8756 -4.90046 -1.5814
5.50945 19.6511 -4.40326 -1.7886
5.11637 19.457 -4.25571 -1.83616
4.78459 19.1372 -3.96275 -2.26153
4.42579 18.875 -3.84571 -2.3741
4.14472 18.5644 -3.52242 -2.60279
3.63672 18.24 -4.00892 -2.80299
3.18415 17.8614 -4.17033 -3.11013
2.8502 17.6742 -3.91082 -2.72335
2.50349 17.254 -3.77222 -3.18543
2.18582 16.8878 -3.58621 -3.33427
1.85642 16.3445 -3.49496 -3.98958
1.47913 16.0109 -3.58176 -3.78559
1.15039 15.537 -3.48981 -4.08325
0.764631 15.0721 -3.6047 -4.26013
0.559846 14.6735 -3.11842 -4.1745
0.250542 14.2312 -3.11049 -4.25211
0.182354 13.7497 -2.35192 -4.42786
-0.117099 13.2969 -2.55264 -4.45902
-0.176742 12.888 -1.94162 -4.34359
-0.420244 12.4114 -2.09573 -4.47542
-0.607762 11.9988 -2.02685 -4.36638
-0.979465 11.4858 -2.55477 -4.60488
-1.30875 11.0333 -2.78532 -4.57994
-1.54503 10.5026 -2.65334 -4.80689
-1.72082 10.1226 -2.37364 -4.49245
-1.85333 9.69211 -2.04613 -4.43392
-2.00204 9.02513 -1.87153 -5.13228
-2.1834 8.52555 -1.85344 -5.08967
-2.29865 8.08052 -1.6345 -4.88997
-2.52502 7.59683 -1.83103 -4.87338
-2.75043 7.08823 -1.96317 -4.93978
-2.85317 6.7225 -1.67088 -4.53922
-2.96507 6.25049 -1.4985 -4.5957
-3.14431 5.66946 -1.5903 -4.97509
-3.36268 5.1407 -1.77563 -5.07271
-3.61226 4.58134 -2.00059 -5.23541
-3.90114 4.05267 -2.27802 -5.25141
-4.01285 3.63233 -1.91542 -4.92409
-4.17953 3.17719 -1.83776 -4.80766
-4.34518 2.62816 -1.78112 -5.0209
-4.56485 2.11011 -1.91095 -5.07075
-4.80845 1.57097 -2.07493 -5.1709
-4.85324 1.16255 -1.56674 -4.83145
-4.93751 0.747757 -1.34058 -4.61797
-5.09565 0.272571 -1.4158 -4.65979
-5.26643 -0.202555 -1.50702 -4.68836
-5.6211 -0.565966 -2.1441 -4.35907
-5.85553 -1.12654 -2.20664 -4.74845
-6.168 -1.55839 -2.49338 -4.61416
-6.38123 -2.0745 -2.38059 -4.78501
-6.70041 -2.5029 -2.63398 -4.62852
-6.8874 -3.02889 -2.39531 -4.82574
-7.12424 -3.39598 -2.38692 -4.46501
-7.42236 -3.67813 -2.57253 -3.95169
-7.77349 -4.17823 -2.86575 -4.27942
-8.13711 -4.69588 -3.1064 -4.55961
-8.3953 -5.13037 -2.94258 -4.49256
-8.79481 -5.5506 -3.27133 -4.40191
-9.0808 -5.90288 -3.14283 -4.1273
-9.35444 -6.08572 -3.01588 -3.40924
-9.64175 -6.48876 -2.97128 -3.60329
-10.0724 -6.84205 -3.38831 -3.58129
-10.575 -7.2429 -3.89978 -3.71471
-11.085 -7.59354 -4.27486 -3.64965
-11.3167 -7.82723 -3.66313 -3.23962
-11.61 -7.99712 -3.43526 -2.75838
-12.0173 -8.18665 -3.63447 -2.48881
-12.4006 -8.35346 -3.69624 -2.23245
-13.0136 -8.60906 -4.45663 -2.33351
-13.4241 -8.71783 -4.34674 -1.94439
-13.9229 -8.94983 -4.54691 -2.0617
-14.4008 -9.17072 -4.61946 -2.10769
-14.9559 -9.22375 -4.91037 -1.615
-15.5503 -9.47042 -5.23342 -1.88102
-16.0795 -9.63032 -5.25175 -1.79295
-16.5197 -9.60431 -4.98629 -1.15167
-17.0627 -9.5844 -5.12472 -0.729755
-17.561 -9.61881 -5.08042 -0.609294
-18.0239 -9.55975 -4.93946 -0.234516
-18.4049 -9.59571 -4.58684 -0.273595
-18.9061 -9.57277 -4.71947 -0.116493
-19.3408 -9.35741 -4.6031 0.592583
-19.8347 -9.14207 -4.70827 1.08009
-20.2379 -9.29697 -4.49686 0.258914
-20.6745 -9.1048 -4.45596 0.778275
-21.0731 -8.94465 -4.30921 1.03541
-21.5035 -8.8555 -4.30752 0.990445
-21.9553 -8.66974 -4.37337 1.26132
-22.482 -8.45451 -4.65239 1.53961
-22.9654 -8.007 -4.70913 2.45651
-23.4557 -7.66998 -4.7696 2.7419
-23.7495 -7.37939 -4.19763 2.79313
-24.0614 -7.17561 -3.8606 2.55719
-24.3586 -6.69338 -3.58318 3.26469
-24.5224 -6.40013 -2.97571 3.16094
-24.9723 -6.00692 -3.45151 3.40181
-25.2598 -5.65598 -3.27139 3.4354
-25.5796 -5.21429 -3.24847 3.74199
-25.8067 -4.86806 -2.94296 3.65461
-26.0311 -4.39231 -2.72491 3.99911
-26.2177 -3.84511 -2.45658 4.45915
-26.2456 -3.32817 -1.77633 4.68099
-26.3068 -2.86885 -1.4127 4.65358
-26.5537 -2.56006 -1.74252 4.16454
-26.7004 -2.1575 -1.6567 4.12116
-26.6796 -1.6457 -1.07425 4.43252
-26.6995 -1.17455 -0.800825 4.51963
-26.759 -0.663147 -0.736376 4.7053
-26.6563 -0.0744378 -0.185654 5.07443
-26.6493 0.499775 -0.105772 5.28299
-26.6923 1.04338 -0.207107 5.33079
-26.5661 1.50433 0.251821 5.10551
-26.4561 1.91126 0.516712 4.78185
-26.3323 2.29381 0.741875 4.48314
-26.1675 2.77245 1.02511 4.57784
-25.9573 3.31894 1.36155 4.85493
-25.7489 3.72529 1.58706 4.60773
-25.6645 4.09896 1.3549 4.33566
-25.2918 4.53042 2.09584 4.32909
-25.0608 4.92672 2.16287 4.21474
-24.6854 5.35041 2.65967 4.22165
-24.2776 5.69731 3.10278 3.98656
-23.943 6.02484 3.17871 3.76441
-23.6354 6.34975 3.14667 3.60346
-23.1755 6.781 3.60042 3.82493
-22.7611 7.11653 3.77018 3.67824
-22.4421 7.40532 3.58879 3.43138
-22.1353 7.72338 3.42611 3.35303
-21.7247 8.00322 3.63842 3.17979
-21.2321 8.09272 4.04079 2.46615
-20.9327 8.41901 3.71393 2.71503
-20.3971 8.68987 4.22665 2.71302
-20.0159 8.91727 4.09701 2.5759
-19.5501 9.07756 4.27241 2.27196
-18.9153 9.25202 4.92083 2.10724
-18.4236 9.46544 4.91937 2.11568
-17.8578 9.69933 5.15009 2.1854
-17.3432 9.90068 5.14899 2.13171
-16.856 10.1284 5.06246 2.17716
-16.4271 10.3288 4.82074 2.12315
-15.9735 10.3744 4.73184 1.60227
-15.5328 10.3738 4.63033 1.09983
-15.0075 10.4783 4.82493 1.08297
-14.4707 10.4162 4.9945 0.550735
-13.8935 10.6896 5.23739 1.23244
-13.3631 10.6908 5.25805 0.851312
-12.8942 10.8853 5.08038 1.19284
-12.3792 10.8198 5.10206 0.615681
-11.9046 10.9609 4.99104 0.86408
-11.4285 10.9974 4.919 0.708489
-10.7797 10.8879 5.40913 0.14498
-10.3208 10.8894 5.15307 0.104496
-9.81902 10.9949 5.11079 0.401305
-9.30731 11.0349 5.11274 0.400913
-8.79274 11.073 5.12303 0.394585
-8.43933 10.8999 4.62673 -0.269234
-7.76312 10.9325 5.29374 -0.0831645
-7.19756 10.8732 5.40676 -0.242553
