0.862916 0.534212 0 0
1.00818 0.427101 4.63419 1.07761
1.59045 0.489149 5.32117 0.287336
2.04023 0.557524 5.09458 0.667786
2.66144 0.609267 5.22048 0.427524
3.29576 0.562709 5.3032 -0.07646
3.89238 0.595464 5.43235 0.0434107
4.4443 0.62604 5.27049 0.111155
4.98134 0.637122 5.03068 0.0754016
5.47385 0.653723 5.26873 0.135996
5.97818 0.554647 5.0654 -0.227088
6.49235 0.640634 5.04024 0.0910793
7.00829 0.634216 4.8293 0.0247683
7.58926 0.687769 5.25389 0.174252
8.11311 0.756754 4.95644 0.286878
8.61893 1.00731 5.28448 0.883581
9.21466 1.09332 5.26224 0.855007
9.76917 1.27766 5.24821 1.08283
10.2797 1.47623 4.90775 1.24969
10.7545 1.62078 4.62154 1.25345
11.2743 1.64881 4.90488 1.06352
11.7349 1.69648 4.82094 0.934643
12.2201 1.90266 5.00889 1.20029
12.722 1.95797 5.12833 1.0865
13.2286 2.24061 5.2045 1.4537
13.5755 2.62463 4.53813 1.86492
14.0117 2.79561 4.5248 1.83909
14.5012 2.95602 4.79985 1.84009
14.928 3.37787 4.73771 2.29822
15.3544 3.73798 4.39968 2.47246
15.8063 3.83034 4.41395 2.18724
16.2275 4.08165 4.16524 2.18816
16.6564 4.34603 4.24005 2.28353
17.0004 4.69502 3.71355 2.38015
17.3821 4.86132 3.75049 2.26265
17.752 5.00191 3.68189 2.09859
18.048 5.42854 3.41854 2.41965
18.3191 5.96156 3.32309 2.91189
18.5817 6.44126 3.09436 3.17788
18.8655 6.88593 3.09435 3.40188
19.0733 7.26446 2.68456 3.36065
19.3372 7.62182 2.70322 3.40652
19.5316 8.03825 2.60335 3.54086
19.7641 8.37121 2.38259 3.42266
19.8999 8.89581 2.05449 3.62405
20.0038 9.3757 1.70807 3.70621
19.9696 10.2156 1.4468 4.45586
20.0415 10.6641 1.09223 4.30545
19.9907 11.4024 0.800053 4.73895
19.9211 11.9191 0.157565 4.51272
19.9826 12.3162 0.456096 4.60625
20.0185 12.6631 0.0818856 4.17204
20.1945 12.8545 0.26387 3.78193
20.1439 13.309 0.0840867 3.84716
20.1742 13.6217 -0.0829783 3.58587
20.0576 14.0843 -0.343916 3.65602
20.0633 14.3517 -0.327785 3.47904
19.9431 14.7453 -1.0188 3.07959
19.8557 15.058 -0.967132 3.11355
19.6264 15.5345 -1.14269 3.36072
19.4552 15.9203 -1.4377 3.23077
19.1176 16.4701 -2.16819 3.11326
18.8749 16.8822 -1.99276 3.4811
18.5932 17.2863 -2.19394 3.46894
18.3636 17.5457 -2.51697 2.99451
18.2029 17.8358 -2.46852 2.88337
17.9222 18.092 -2.70546 2.61793
17.4338 18.6185 -3.12299 2.85502
16.8667 19.1439 -3.70336 2.89444
16.6012 19.1754 -3.70022 2.32015
16.2483 19.3887 -3.61563 2.38055
15.4931 19.9792 -4.32825 2.64045
15.0447 20.1636 -4.4869 2.28958
14.4155 20.4939 -4.9077 2.14202
13.9039 20.6919 -5.07237 1.85642
13.5276 20.7175 -5.06348 1.27404
13.0498 20.8541 -5.08759 1.15234
12.287 21.1044 -5.56645 1.09617
11.8885 21.1154 -5.43464 0.719492
11.4246 21.0747 -5.40009 0.364885
10.8477 21.033 -5.52365 0.0697582
10.0477 21.1521 -5.88546 0.218087
9.58771 21.1167 -5.77793 -0.114836
9.09562 21.086 -5.64897 -0.125441
8.80974 20.9578 -5.32542 -0.578211
8.71097 20.6873 -4.7351 -1.05654
8.24967 20.5424 -4.7907 -1.33976
7.90103 20.3687 -4.69349 -1.69221
7.34608 20.2027 -4.83183 -1.74321
6.86951 20.0297 -4.84612 -1.82245
6.45248 19.8514 -4.79548 -1.98319
5.80533 19.6339 -5.10554 -2.3064
5.4989 19.3132 -4.79729 -2.5144
5.23786 19.0594 -4.45682 -2.44833
4.56855 18.8398 -4.86189 -2.70937
4.25411 18.5387 -4.5853 -2.70548
3.69853 18.2751 -4.8197 -3.24315
3.51541 17.9353 -4.32744 -3.07895
2.96411 17.6251 -4.56148 -3.44843
2.75592 17.2086 -4.16388 -3.79417
2.39375 16.8613 -4.05857 -3.4804
1.86499 16.4781 -4.25155 -3.51762
1.5356 16.1272 -4.09277 -3.57871
1.30564 15.6947 -3.77514 -4.06902
0.896614 15.3117 -3.83521 -4.04764
0.672133 14.9421 -3.56632 -3.92423
0.466176 14.481 -3.27325 -4.34606
0.0953809 13.9989 -3.32967 -4.76075
-0.128461 13.5196 -3.11766 -4.90664
-0.392052 13.0622 -3.04925 -4.67723
-0.704071 12.5823 -3.07123 -4.58753
-0.982561 12.1558 -3.01046 -4.62341
-1.27199 11.6791 -2.96896 -4.7381
-1.33962 11.2212 -2.5395 -4.5302
-1.46316 10.7601 -2.20765 -4.84891
-1.65483 10.2359 -2.11078 -5.04842
-1.76082 9.7845 -1.91994 -4.83768
-2.05597 9.27119 -2.09764 -5.08077
-2.13758 8.83786 -1.85037 -4.83928
-2.45851 8.29839 -2.12622 -5.05395
-2.46125 7.9196 -1.631 -4.81959
-2.8131 7.40067 -2.13157 -4.80853
-2.88164 6.97184 -1.67747 -4.86414
-2.90435 6.55005 -1.43262 -4.47628
-3.19452 6.02763 -1.71259 -4.84584
-3.3804 5.50986 -1.84676 -4.78023
-3.51212 5.02764 -1.61649 -4.8746
-3.71443 4.49019 -1.88181 -4.83744
-3.9098 4.00132 -1.78627 -4.95747
-4.0834 3.59772 -1.8754 -4.65124
-4.32691 3.04647 -2.10141 -4.86802
-4.51917 2.52312 -1.98211 -4.98464
-4.70463 2.03729 -2.24243 -4.83013
-4.95635 1.49745 -2.37015 -5.00196
-5.1482 1.06583 -2.17278 -4.77329
-5.33206 0.411529 -2.14902 -5.27816
-5.55564 -0.15866 -1.84909 -5.39444
-5.7646 -0.478476 -2.06978 -4.75336
-5.94847 -0.910606 -2.38021 -4.67695
-6.11243 -1.47436 -2.18534 -4.93502
-6.35547 -1.94002 -2.58043 -4.97748
-6.67375 -2.30635 -2.62379 -4.56554
-6.97861 -2.72038 -2.77221 -4.47361
-7.2265 -3.1898 -2.63934 -4.4994
-7.48986 -3.74383 -2.57174 -4.75298
-7.75524 -4.15073 -2.70734 -4.63786
-8.0388 -4.59813 -2.73514 -4.59638
-8.32845 -4.99801 -2.61592 -4.34636
-8.65138 -5.2623 -2.78304 -3.95376
-8.95488 -5.66323 -2.91649 -4.0214
-9.2488 -5.93475 -2.95078 -3.73362
-9.58591 -6.31358 -3.09081 -3.78575
-10.0715 -6.55701 -3.58403 -3.58968
-10.4202 -6.8922 -3.63223 -3.58157
-10.846 -7.14633 -3.80965 -3.39862
-11.1914 -7.47894 -3.70604 -3.35766
-11.5705 -7.7456 -3.73476 -3.22331
-11.9414 -8.01287 -3.57628 -3.00882
-12.3791 -8.25701 -3.99369 -3.08119
-12.7781 -8.46902 -3.78199 -2.75529
-13.294 -8.64218 -4.14265 -2.64029
-13.7187 -8.75779 -3.93245 -2.21914
-14.216 -8.92384 -4.36393 -2.27244
-14.6097 -9.18728 -4.14888 -2.25262
-15.0876 -9.42299 -4.18619 -2.23445
-15.5662 -9.53984 -4.07123 -1.92019
-16.1242 -9.49807 -4.2675 -1.48825
-16.484 -9.6252 -4.12739 -1.43147
-16.8457 -9.99455 -4.13198 -1.86223
-17.4158 -9.94655 -4.20306 -1.37453
-17.9425 -9.85897 -4.21077 -0.923583
-18.3818 -9.88605 -4.33427 -0.863579
-18.8614 -9.78308 -4.42795 -0.568522
-19.3894 -9.5923 -4.28775 -0.0530481
-20.0049 -9.15753 -4.46199 0.683368
-20.4173 -9.21812 -4.39818 0.484569
-20.9627 -8.98184 -4.34577 0.847079
-21.4454 -8.8134 -4.20438 1.04252
-21.8972 -8.43299 -3.88137 1.58809
-22.3177 -8.15671 -4.04976 1.73373
-22.6243 -8.14281 -3.76692 1.53816
-22.9748 -8.0441 -3.36191 1.55751
-23.3851 -7.68925 -3.59761 1.81355
-23.8027 -7.29108 -3.53049 2.16486
-24.1903 -6.82786 -3.29676 2.58291
-24.487 -6.70294 -2.92965 2.44629
-24.7576 -6.36888 -2.73812 2.60853
-25.0419 -5.87253 -2.63519 2.96676
-25.3323 -5.53554 -2.64622 3.02586
-25.4984 -5.5592 -2.53658 2.56533
-25.764 -5.09624 -2.36471 2.88436
-26.0351 -4.72616 -1.83929 3.05947
-26.2206 -4.30269 -1.43405 3.26143
-26.3481 -3.77211 -1.13635 3.56635
-26.4476 -3.43172 -1.00283 3.54919
-26.5796 -2.76419 -0.960441 3.98406
-26.6485 -2.14354 -0.824938 4.29211
-26.6525 -1.87762 -0.328003 4.0556
-26.7155 -1.51709 -0.197535 3.98554
-26.73 -0.868046 0.202129 4.31422
-26.708 -0.322634 0.481828 4.44771
-26.6718 0.182154 0.519709 4.52389
-26.5645 1.10558 0.613629 5.1734
-26.4996 1.07708 0.720225 4.40007
-26.3834 1.57583 1.10161 4.44027
-26.2458 2.07994 1.18762 4.51574
-26.0925 2.59848 1.71483 4.51487
-25.9213 3.19232 1.89504 4.67245
-25.7073 3.50794 2.10598 4.41765
-25.4717 3.89186 2.27711 4.30347
-25.1428 4.34462 2.42241 4.32993
-24.822 4.81573 2.71665 4.32602
-24.5045 5.20446 3.14512 4.14726
-24.2347 5.36803 3.32422 3.71529
-23.8596 5.94566 3.19339 4.06546
-23.5432 6.36728 3.34929 4.02841
-23.1921 6.50779 3.5138 3.58987
-22.769 6.83498 3.89979 3.42812
-22.2752 7.31196 4.46058 3.44507
-21.7513 8.02321 4.47502 4.02634
-21.3935 8.22445 4.45358 3.67704
-20.8664 8.78812 4.54638 3.97691
-20.3164 9.19284 5.07411 3.74847
-19.9118 9.38662 4.8319 3.53694
-19.5589 9.48309 4.61969 3.16367
-18.9719 9.90019 5.09595 3.12873
-18.66 9.84159 4.93224 2.47062
-18.2437 9.74143 5.0974 1.74266
-17.6624 9.99673 5.05325 1.95651
-17.1464 10.1752 5.2047 1.83193
-16.6372 10.292 5.25106 1.67427
-16.0921 10.4734 5.38142 1.62041
-15.6014 10.5696 5.29827 1.52304
-14.8947 10.7975 5.86881 1.37763
-14.5194 10.6473 5.24945 1.15991
-13.9903 10.7026 5.36658 0.954731
-13.4508 10.8195 5.26698 1.08846
-12.9307 10.8732 5.39798 0.847917
-12.3352 11.0343 5.5023 0.969536
-11.837 11.0696 5.40845 0.868146
-11.2466 11.1401 5.53941 0.771204
-10.8997 10.922 5.49786 -0.164976
-10.4297 10.8678 5.30394 -0.160061
-9.87519 10.9689 5.13806 0.334509
-9.62505 10.7729 4.70735 -0.145132
-9.21503 10.6755 4.57696 -0.282023
-8.84717 10.5222 4.38753 -0.50238
-8.2206 10.6503 4.73522 -0.152169
-7.62026 10.7047 4.93204 0.0350339
